2015-12-14 11:01:23 - PHP Notice:  Undefined index: sort_order in D:\wamp\www\work\openCart\mercury.57634.sega.opencart\57634\theme649\system\storage\modification\admin\model\design\banner.php on line 37
2015-12-14 14:29:41 - PHP Notice:  Undefined variable: email in D:\wamp\www\work\openCart\mercury.57634.sega.opencart\57634\theme649\catalog\view\theme\theme649\template\common\footer.tpl on line 20
2015-12-14 14:29:41 - PHP Notice:  Undefined variable: email in D:\wamp\www\work\openCart\mercury.57634.sega.opencart\57634\theme649\catalog\view\theme\theme649\template\common\footer.tpl on line 20
2015-12-14 14:29:42 - PHP Notice:  Undefined variable: email in D:\wamp\www\work\openCart\mercury.57634.sega.opencart\57634\theme649\catalog\view\theme\theme649\template\common\footer.tpl on line 20
2015-12-14 14:29:42 - PHP Notice:  Undefined variable: email in D:\wamp\www\work\openCart\mercury.57634.sega.opencart\57634\theme649\catalog\view\theme\theme649\template\common\footer.tpl on line 20
2015-12-14 14:31:06 - PHP Notice:  Undefined variable: email in D:\wamp\www\work\openCart\mercury.57634.sega.opencart\57634\theme649\catalog\view\theme\theme649\template\common\footer.tpl on line 20
2015-12-14 14:31:06 - PHP Notice:  Undefined variable: email in D:\wamp\www\work\openCart\mercury.57634.sega.opencart\57634\theme649\catalog\view\theme\theme649\template\common\footer.tpl on line 20
2015-12-14 14:31:07 - PHP Notice:  Undefined variable: email in D:\wamp\www\work\openCart\mercury.57634.sega.opencart\57634\theme649\catalog\view\theme\theme649\template\common\footer.tpl on line 20
2015-12-14 14:31:07 - PHP Notice:  Undefined variable: email in D:\wamp\www\work\openCart\mercury.57634.sega.opencart\57634\theme649\catalog\view\theme\theme649\template\common\footer.tpl on line 20
2015-12-23 10:58:40 - PHP Notice:  Undefined index: approval in D:\wamp\www\work\openCart\mercury.57634.sega.opencart\57634\theme649\catalog\model\account\customer.php on line 16
2015-12-23 10:58:40 - PHP Notice:  Undefined index: approval in D:\wamp\www\work\openCart\mercury.57634.sega.opencart\57634\theme649\catalog\model\account\customer.php on line 32
2015-12-23 10:58:41 - PHP Warning:  mail(): Failed to connect to mailserver at &quot;localhost&quot; port 25, verify your &quot;SMTP&quot; and &quot;smtp_port&quot; setting in php.ini or use ini_set() in D:\wamp\www\work\openCart\mercury.57634.sega.opencart\57634\theme649\system\library\mail.php on line 164
2015-12-28 9:30:45 - PHP Warning:  mail(): Failed to connect to mailserver at &quot;localhost&quot; port 25, verify your &quot;SMTP&quot; and &quot;smtp_port&quot; setting in php.ini or use ini_set() in D:\wamp\www\work\openCart\mercury.57634.sega.opencart\57634\theme649\system\library\mail.php on line 164
2015-12-29 9:22:09 - PHP Warning:  mail(): Failed to connect to mailserver at &quot;localhost&quot; port 25, verify your &quot;SMTP&quot; and &quot;smtp_port&quot; setting in php.ini or use ini_set() in D:\wamp\www\work\openCart\mercury.57634.sega.opencart\57634\theme649\system\library\mail.php on line 164
2016-06-21 16:39:17 - PHP Notice:  Undefined variable: html in /Users/fernandomendes/github/refrilar/public/catalog/view/theme/theme649/template/module/tm_newsletter_popup.tpl on line 20
2016-06-21 16:39:18 - PHP Notice:  Undefined variable: html in /Users/fernandomendes/github/refrilar/public/catalog/view/theme/theme649/template/module/tm_newsletter_popup.tpl on line 20
2016-06-21 16:39:33 - PHP Notice:  Undefined variable: html in /Users/fernandomendes/github/refrilar/public/catalog/view/theme/theme649/template/module/tm_newsletter_popup.tpl on line 20
2016-06-21 16:39:34 - PHP Notice:  Undefined variable: html in /Users/fernandomendes/github/refrilar/public/catalog/view/theme/theme649/template/module/tm_newsletter_popup.tpl on line 20
2016-06-21 16:41:46 - PHP Notice:  Undefined variable: html in /Users/fernandomendes/github/refrilar/public/catalog/view/theme/theme649/template/module/tm_newsletter_popup.tpl on line 20
2016-06-21 16:41:46 - PHP Notice:  Undefined variable: html in /Users/fernandomendes/github/refrilar/public/catalog/view/theme/theme649/template/module/tm_newsletter_popup.tpl on line 20
2016-06-21 16:43:39 - PHP Notice:  Undefined variable: html in /Users/fernandomendes/github/refrilar/public/catalog/view/theme/theme649/template/module/tm_newsletter_popup.tpl on line 20
2016-06-21 16:43:40 - PHP Notice:  Undefined variable: html in /Users/fernandomendes/github/refrilar/public/catalog/view/theme/theme649/template/module/tm_newsletter_popup.tpl on line 20
2016-06-21 16:44:57 - PHP Notice:  Undefined variable: html in /Users/fernandomendes/github/refrilar/public/catalog/view/theme/theme649/template/module/tm_newsletter_popup.tpl on line 20
2016-06-21 16:44:58 - PHP Notice:  Undefined variable: html in /Users/fernandomendes/github/refrilar/public/catalog/view/theme/theme649/template/module/tm_newsletter_popup.tpl on line 20
2016-06-21 16:44:59 - PHP Notice:  Undefined variable: html in /Users/fernandomendes/github/refrilar/public/catalog/view/theme/theme649/template/module/tm_newsletter_popup.tpl on line 20
2016-06-21 16:45:24 - PHP Notice:  Undefined variable: html in /Users/fernandomendes/github/refrilar/public/catalog/view/theme/theme649/template/module/tm_newsletter_popup.tpl on line 20
2016-06-21 16:45:25 - PHP Notice:  Undefined variable: html in /Users/fernandomendes/github/refrilar/public/catalog/view/theme/theme649/template/module/tm_newsletter_popup.tpl on line 20
2016-06-29 17:57:04 - PHP Notice:  Undefined variable: html in /Users/fernandomendes/github/refrilar/public/catalog/view/theme/theme649/template/module/tm_newsletter_popup.tpl on line 20
2016-06-29 17:57:06 - PHP Notice:  Undefined variable: html in /Users/fernandomendes/github/refrilar/public/catalog/view/theme/theme649/template/module/tm_newsletter_popup.tpl on line 20
2016-06-29 17:57:08 - PHP Notice:  Undefined variable: html in /Users/fernandomendes/github/refrilar/public/catalog/view/theme/theme649/template/module/tm_newsletter_popup.tpl on line 20
2016-07-04 12:20:15 - PHP Notice:  Undefined variable: html in /Users/fernandomendes/github/refrilar/public/catalog/view/theme/theme649/template/module/tm_newsletter_popup.tpl on line 20
2016-07-04 12:20:16 - PHP Notice:  Undefined variable: html in /Users/fernandomendes/github/refrilar/public/catalog/view/theme/theme649/template/module/tm_newsletter_popup.tpl on line 20
2016-07-04 12:25:13 - PHP Notice:  Undefined variable: html in /Users/fernandomendes/github/refrilar/public/catalog/view/theme/theme649/template/module/tm_newsletter_popup.tpl on line 20
2016-07-04 12:25:14 - PHP Notice:  Undefined variable: html in /Users/fernandomendes/github/refrilar/public/catalog/view/theme/theme649/template/module/tm_newsletter_popup.tpl on line 20
2016-07-04 12:25:14 - PHP Notice:  Undefined variable: html in /Users/fernandomendes/github/refrilar/public/catalog/view/theme/theme649/template/module/tm_newsletter_popup.tpl on line 20
2016-07-04 12:25:14 - PHP Notice:  Undefined variable: html in /Users/fernandomendes/github/refrilar/public/catalog/view/theme/theme649/template/module/tm_newsletter_popup.tpl on line 20
2016-07-04 12:25:15 - PHP Notice:  Undefined variable: html in /Users/fernandomendes/github/refrilar/public/catalog/view/theme/theme649/template/module/tm_newsletter_popup.tpl on line 20
2016-07-04 12:25:16 - PHP Notice:  Undefined variable: html in /Users/fernandomendes/github/refrilar/public/catalog/view/theme/theme649/template/module/tm_newsletter_popup.tpl on line 20
2016-07-04 12:27:40 - PHP Notice:  Undefined variable: html in /Users/fernandomendes/github/refrilar/public/catalog/view/theme/theme649/template/module/tm_newsletter_popup.tpl on line 20
2016-07-04 12:27:41 - PHP Notice:  Undefined variable: html in /Users/fernandomendes/github/refrilar/public/catalog/view/theme/theme649/template/module/tm_newsletter_popup.tpl on line 20
2016-07-04 12:27:41 - PHP Notice:  Undefined variable: html in /Users/fernandomendes/github/refrilar/public/catalog/view/theme/theme649/template/module/tm_newsletter_popup.tpl on line 20
2016-07-04 12:27:42 - PHP Notice:  Undefined variable: html in /Users/fernandomendes/github/refrilar/public/catalog/view/theme/theme649/template/module/tm_newsletter_popup.tpl on line 20
2016-07-04 12:27:43 - PHP Notice:  Undefined variable: html in /Users/fernandomendes/github/refrilar/public/catalog/view/theme/theme649/template/module/tm_newsletter_popup.tpl on line 20
2016-07-04 12:27:44 - PHP Notice:  Undefined variable: html in /Users/fernandomendes/github/refrilar/public/catalog/view/theme/theme649/template/module/tm_newsletter_popup.tpl on line 20
2016-07-04 12:28:41 - PHP Notice:  Undefined variable: html in /Users/fernandomendes/github/refrilar/public/catalog/view/theme/theme649/template/module/tm_newsletter_popup.tpl on line 20
2016-07-04 12:28:41 - PHP Notice:  Undefined variable: html in /Users/fernandomendes/github/refrilar/public/catalog/view/theme/theme649/template/module/tm_newsletter_popup.tpl on line 20
2016-07-04 12:28:42 - PHP Notice:  Undefined variable: html in /Users/fernandomendes/github/refrilar/public/catalog/view/theme/theme649/template/module/tm_newsletter_popup.tpl on line 20
2016-07-04 12:28:42 - PHP Notice:  Undefined variable: html in /Users/fernandomendes/github/refrilar/public/catalog/view/theme/theme649/template/module/tm_newsletter_popup.tpl on line 20
2016-07-04 12:34:59 - PHP Notice:  Undefined variable: html in /Users/fernandomendes/github/refrilar/public/catalog/view/theme/theme649/template/module/tm_newsletter_popup.tpl on line 20
2016-07-04 12:34:59 - PHP Notice:  Undefined variable: html in /Users/fernandomendes/github/refrilar/public/catalog/view/theme/theme649/template/module/tm_newsletter_popup.tpl on line 20
2016-07-04 12:36:53 - PHP Notice:  Undefined variable: html in /Users/fernandomendes/github/refrilar/public/catalog/view/theme/theme649/template/module/tm_newsletter_popup.tpl on line 20
2016-07-04 12:36:53 - PHP Notice:  Undefined variable: html in /Users/fernandomendes/github/refrilar/public/catalog/view/theme/theme649/template/module/tm_newsletter_popup.tpl on line 20
2016-07-04 12:36:53 - PHP Notice:  Undefined variable: html in /Users/fernandomendes/github/refrilar/public/catalog/view/theme/theme649/template/module/tm_newsletter_popup.tpl on line 20
2016-07-04 12:36:54 - PHP Notice:  Undefined variable: html in /Users/fernandomendes/github/refrilar/public/catalog/view/theme/theme649/template/module/tm_newsletter_popup.tpl on line 20
2016-07-04 12:37:36 - PHP Notice:  Undefined variable: html in /Users/fernandomendes/github/refrilar/public/catalog/view/theme/theme649/template/module/tm_newsletter_popup.tpl on line 20
2016-07-04 12:37:36 - PHP Notice:  Undefined variable: html in /Users/fernandomendes/github/refrilar/public/catalog/view/theme/theme649/template/module/tm_newsletter_popup.tpl on line 20
2016-07-04 12:37:36 - PHP Notice:  Undefined variable: html in /Users/fernandomendes/github/refrilar/public/catalog/view/theme/theme649/template/module/tm_newsletter_popup.tpl on line 20
2016-07-04 12:37:37 - PHP Notice:  Undefined variable: html in /Users/fernandomendes/github/refrilar/public/catalog/view/theme/theme649/template/module/tm_newsletter_popup.tpl on line 20
2016-07-04 12:37:38 - PHP Notice:  Undefined variable: html in /Users/fernandomendes/github/refrilar/public/catalog/view/theme/theme649/template/module/tm_newsletter_popup.tpl on line 20
2016-07-04 12:42:27 - PHP Notice:  Undefined variable: html in /Users/fernandomendes/github/refrilar/public/catalog/view/theme/theme649/template/module/tm_newsletter_popup.tpl on line 20
2016-07-04 12:42:28 - PHP Notice:  Undefined variable: html in /Users/fernandomendes/github/refrilar/public/catalog/view/theme/theme649/template/module/tm_newsletter_popup.tpl on line 20
2016-07-04 12:42:28 - PHP Notice:  Undefined variable: html in /Users/fernandomendes/github/refrilar/public/catalog/view/theme/theme649/template/module/tm_newsletter_popup.tpl on line 20
2016-07-04 12:43:27 - PHP Notice:  Undefined variable: html in /Users/fernandomendes/github/refrilar/public/catalog/view/theme/theme649/template/module/tm_newsletter_popup.tpl on line 20
2016-07-04 12:43:27 - PHP Notice:  Undefined variable: html in /Users/fernandomendes/github/refrilar/public/catalog/view/theme/theme649/template/module/tm_newsletter_popup.tpl on line 20
2016-07-04 12:43:28 - PHP Notice:  Undefined variable: html in /Users/fernandomendes/github/refrilar/public/catalog/view/theme/theme649/template/module/tm_newsletter_popup.tpl on line 20
2016-07-04 12:43:54 - PHP Notice:  Undefined variable: html in /Users/fernandomendes/github/refrilar/public/catalog/view/theme/theme649/template/module/tm_newsletter_popup.tpl on line 20
2016-07-04 12:43:55 - PHP Notice:  Undefined variable: html in /Users/fernandomendes/github/refrilar/public/catalog/view/theme/theme649/template/module/tm_newsletter_popup.tpl on line 20
2016-07-04 12:43:57 - PHP Notice:  Undefined variable: html in /Users/fernandomendes/github/refrilar/public/catalog/view/theme/theme649/template/module/tm_newsletter_popup.tpl on line 20
2016-07-04 12:45:22 - PHP Notice:  Undefined variable: html in /Users/fernandomendes/github/refrilar/public/catalog/view/theme/theme649/template/module/tm_newsletter_popup.tpl on line 20
2016-07-04 12:45:22 - PHP Notice:  Undefined variable: html in /Users/fernandomendes/github/refrilar/public/catalog/view/theme/theme649/template/module/tm_newsletter_popup.tpl on line 20
2016-07-04 12:45:23 - PHP Notice:  Undefined variable: html in /Users/fernandomendes/github/refrilar/public/catalog/view/theme/theme649/template/module/tm_newsletter_popup.tpl on line 20
2016-07-04 12:45:24 - PHP Notice:  Undefined variable: html in /Users/fernandomendes/github/refrilar/public/catalog/view/theme/theme649/template/module/tm_newsletter_popup.tpl on line 20
2016-07-04 12:45:43 - PHP Notice:  Undefined variable: html in /Users/fernandomendes/github/refrilar/public/catalog/view/theme/theme649/template/module/tm_newsletter_popup.tpl on line 20
2016-07-04 12:45:43 - PHP Notice:  Undefined variable: html in /Users/fernandomendes/github/refrilar/public/catalog/view/theme/theme649/template/module/tm_newsletter_popup.tpl on line 20
2016-07-04 12:45:44 - PHP Notice:  Undefined variable: html in /Users/fernandomendes/github/refrilar/public/catalog/view/theme/theme649/template/module/tm_newsletter_popup.tpl on line 20
2016-07-04 12:45:54 - PHP Notice:  Undefined variable: html in /Users/fernandomendes/github/refrilar/public/catalog/view/theme/theme649/template/module/tm_newsletter_popup.tpl on line 20
2016-07-04 12:45:54 - PHP Notice:  Undefined variable: html in /Users/fernandomendes/github/refrilar/public/catalog/view/theme/theme649/template/module/tm_newsletter_popup.tpl on line 20
2016-07-04 12:45:55 - PHP Notice:  Undefined variable: html in /Users/fernandomendes/github/refrilar/public/catalog/view/theme/theme649/template/module/tm_newsletter_popup.tpl on line 20
2016-07-04 12:45:56 - PHP Notice:  Undefined variable: html in /Users/fernandomendes/github/refrilar/public/catalog/view/theme/theme649/template/module/tm_newsletter_popup.tpl on line 20
2016-07-04 12:46:19 - PHP Notice:  Undefined variable: html in /Users/fernandomendes/github/refrilar/public/catalog/view/theme/theme649/template/module/tm_newsletter_popup.tpl on line 20
2016-07-04 12:46:20 - PHP Notice:  Undefined variable: html in /Users/fernandomendes/github/refrilar/public/catalog/view/theme/theme649/template/module/tm_newsletter_popup.tpl on line 20
2016-07-04 12:46:21 - PHP Notice:  Undefined variable: html in /Users/fernandomendes/github/refrilar/public/catalog/view/theme/theme649/template/module/tm_newsletter_popup.tpl on line 20
2016-07-04 12:46:21 - PHP Notice:  Undefined variable: html in /Users/fernandomendes/github/refrilar/public/catalog/view/theme/theme649/template/module/tm_newsletter_popup.tpl on line 20
2016-07-04 12:46:46 - PHP Notice:  Undefined variable: html in /Users/fernandomendes/github/refrilar/public/catalog/view/theme/theme649/template/module/tm_newsletter_popup.tpl on line 20
2016-07-04 12:46:46 - PHP Notice:  Undefined variable: html in /Users/fernandomendes/github/refrilar/public/catalog/view/theme/theme649/template/module/tm_newsletter_popup.tpl on line 20
2016-07-04 12:46:47 - PHP Notice:  Undefined variable: html in /Users/fernandomendes/github/refrilar/public/catalog/view/theme/theme649/template/module/tm_newsletter_popup.tpl on line 20
2016-07-04 12:46:47 - PHP Notice:  Undefined variable: html in /Users/fernandomendes/github/refrilar/public/catalog/view/theme/theme649/template/module/tm_newsletter_popup.tpl on line 20
2016-07-04 12:48:29 - PHP Notice:  Undefined variable: html in /Users/fernandomendes/github/refrilar/public/catalog/view/theme/theme649/template/module/tm_newsletter_popup.tpl on line 20
2016-07-04 12:48:29 - PHP Notice:  Undefined variable: html in /Users/fernandomendes/github/refrilar/public/catalog/view/theme/theme649/template/module/tm_newsletter_popup.tpl on line 20
2016-07-04 12:48:30 - PHP Notice:  Undefined variable: html in /Users/fernandomendes/github/refrilar/public/catalog/view/theme/theme649/template/module/tm_newsletter_popup.tpl on line 20
2016-07-04 12:48:31 - PHP Notice:  Undefined variable: html in /Users/fernandomendes/github/refrilar/public/catalog/view/theme/theme649/template/module/tm_newsletter_popup.tpl on line 20
2016-07-04 12:49:29 - PHP Notice:  Undefined variable: html in /Users/fernandomendes/github/refrilar/public/catalog/view/theme/theme649/template/module/tm_newsletter_popup.tpl on line 20
2016-07-04 12:49:29 - PHP Notice:  Undefined variable: html in /Users/fernandomendes/github/refrilar/public/catalog/view/theme/theme649/template/module/tm_newsletter_popup.tpl on line 20
2016-07-04 12:49:30 - PHP Notice:  Undefined variable: html in /Users/fernandomendes/github/refrilar/public/catalog/view/theme/theme649/template/module/tm_newsletter_popup.tpl on line 20
2016-07-04 12:49:30 - PHP Notice:  Undefined variable: html in /Users/fernandomendes/github/refrilar/public/catalog/view/theme/theme649/template/module/tm_newsletter_popup.tpl on line 20
2016-07-04 12:49:31 - PHP Notice:  Undefined variable: html in /Users/fernandomendes/github/refrilar/public/catalog/view/theme/theme649/template/module/tm_newsletter_popup.tpl on line 20
2016-07-04 13:49:13 - PHP Notice:  Undefined variable: html in /Users/fernandomendes/github/refrilar/public/catalog/view/theme/theme649/template/module/tm_newsletter_popup.tpl on line 20
2016-07-04 13:49:14 - PHP Notice:  Undefined variable: html in /Users/fernandomendes/github/refrilar/public/catalog/view/theme/theme649/template/module/tm_newsletter_popup.tpl on line 20
2016-07-04 13:51:22 - PHP Notice:  Undefined variable: html in /Users/fernandomendes/github/refrilar/public/catalog/view/theme/theme649/template/module/tm_newsletter_popup.tpl on line 20
2016-07-04 13:51:23 - PHP Notice:  Undefined variable: html in /Users/fernandomendes/github/refrilar/public/catalog/view/theme/theme649/template/module/tm_newsletter_popup.tpl on line 20
2016-07-04 13:51:23 - PHP Notice:  Undefined variable: html in /Users/fernandomendes/github/refrilar/public/catalog/view/theme/theme649/template/module/tm_newsletter_popup.tpl on line 20
2016-07-04 13:51:24 - PHP Notice:  Undefined variable: html in /Users/fernandomendes/github/refrilar/public/catalog/view/theme/theme649/template/module/tm_newsletter_popup.tpl on line 20
2016-07-04 13:53:29 - PHP Notice:  Undefined variable: html in /Users/fernandomendes/github/refrilar/public/catalog/view/theme/theme649/template/module/tm_newsletter_popup.tpl on line 20
2016-07-04 13:53:29 - PHP Notice:  Undefined variable: html in /Users/fernandomendes/github/refrilar/public/catalog/view/theme/theme649/template/module/tm_newsletter_popup.tpl on line 20
2016-07-04 13:53:30 - PHP Notice:  Undefined variable: html in /Users/fernandomendes/github/refrilar/public/catalog/view/theme/theme649/template/module/tm_newsletter_popup.tpl on line 20
2016-07-04 13:53:30 - PHP Notice:  Undefined variable: html in /Users/fernandomendes/github/refrilar/public/catalog/view/theme/theme649/template/module/tm_newsletter_popup.tpl on line 20
2016-07-04 13:55:07 - PHP Notice:  Undefined variable: html in /Users/fernandomendes/github/refrilar/public/catalog/view/theme/theme649/template/module/tm_newsletter_popup.tpl on line 20
2016-07-04 13:55:07 - PHP Notice:  Undefined variable: html in /Users/fernandomendes/github/refrilar/public/catalog/view/theme/theme649/template/module/tm_newsletter_popup.tpl on line 20
2016-07-04 13:55:08 - PHP Notice:  Undefined variable: html in /Users/fernandomendes/github/refrilar/public/catalog/view/theme/theme649/template/module/tm_newsletter_popup.tpl on line 20
2016-07-04 13:55:09 - PHP Notice:  Undefined variable: html in /Users/fernandomendes/github/refrilar/public/catalog/view/theme/theme649/template/module/tm_newsletter_popup.tpl on line 20
2016-07-04 14:01:12 - PHP Notice:  Undefined variable: html in /Users/fernandomendes/github/refrilar/public/catalog/view/theme/theme649/template/module/tm_newsletter_popup.tpl on line 20
2016-07-04 14:01:12 - PHP Notice:  Undefined variable: html in /Users/fernandomendes/github/refrilar/public/catalog/view/theme/theme649/template/module/tm_newsletter_popup.tpl on line 20
2016-07-04 14:03:07 - PHP Notice:  Undefined variable: html in /Users/fernandomendes/github/refrilar/public/catalog/view/theme/theme649/template/module/tm_newsletter_popup.tpl on line 20
2016-07-04 14:03:07 - PHP Notice:  Undefined variable: html in /Users/fernandomendes/github/refrilar/public/catalog/view/theme/theme649/template/module/tm_newsletter_popup.tpl on line 20
2016-07-04 14:03:08 - PHP Notice:  Undefined variable: html in /Users/fernandomendes/github/refrilar/public/catalog/view/theme/theme649/template/module/tm_newsletter_popup.tpl on line 20
2016-07-04 14:03:09 - PHP Notice:  Undefined variable: html in /Users/fernandomendes/github/refrilar/public/catalog/view/theme/theme649/template/module/tm_newsletter_popup.tpl on line 20
2016-07-04 14:08:00 - PHP Notice:  Undefined variable: html in /Users/fernandomendes/github/refrilar/public/catalog/view/theme/theme649/template/module/tm_newsletter_popup.tpl on line 20
2016-07-04 14:08:01 - PHP Notice:  Undefined variable: html in /Users/fernandomendes/github/refrilar/public/catalog/view/theme/theme649/template/module/tm_newsletter_popup.tpl on line 20
2016-07-04 14:08:01 - PHP Notice:  Undefined variable: html in /Users/fernandomendes/github/refrilar/public/catalog/view/theme/theme649/template/module/tm_newsletter_popup.tpl on line 20
2016-07-04 14:08:02 - PHP Notice:  Undefined variable: html in /Users/fernandomendes/github/refrilar/public/catalog/view/theme/theme649/template/module/tm_newsletter_popup.tpl on line 20
2016-07-04 14:08:03 - PHP Notice:  Undefined variable: html in /Users/fernandomendes/github/refrilar/public/catalog/view/theme/theme649/template/module/tm_newsletter_popup.tpl on line 20
2016-07-04 14:16:12 - PHP Notice:  Undefined variable: html in /Users/fernandomendes/github/refrilar/public/catalog/view/theme/theme649/template/module/tm_newsletter_popup.tpl on line 20
2016-07-04 14:16:13 - PHP Notice:  Undefined variable: html in /Users/fernandomendes/github/refrilar/public/catalog/view/theme/theme649/template/module/tm_newsletter_popup.tpl on line 20
2016-07-04 14:16:14 - PHP Notice:  Undefined variable: html in /Users/fernandomendes/github/refrilar/public/catalog/view/theme/theme649/template/module/tm_newsletter_popup.tpl on line 20
2016-07-04 14:17:26 - PHP Notice:  Undefined variable: html in /Users/fernandomendes/github/refrilar/public/catalog/view/theme/theme649/template/module/tm_newsletter_popup.tpl on line 20
2016-07-04 14:17:27 - PHP Notice:  Undefined variable: html in /Users/fernandomendes/github/refrilar/public/catalog/view/theme/theme649/template/module/tm_newsletter_popup.tpl on line 20
2016-07-04 14:17:28 - PHP Notice:  Undefined variable: html in /Users/fernandomendes/github/refrilar/public/catalog/view/theme/theme649/template/module/tm_newsletter_popup.tpl on line 20
2016-07-04 14:17:50 - PHP Notice:  Undefined variable: html in /Users/fernandomendes/github/refrilar/public/catalog/view/theme/theme649/template/module/tm_newsletter_popup.tpl on line 20
2016-07-04 14:17:51 - PHP Notice:  Undefined variable: html in /Users/fernandomendes/github/refrilar/public/catalog/view/theme/theme649/template/module/tm_newsletter_popup.tpl on line 20
2016-07-04 14:17:52 - PHP Notice:  Undefined variable: html in /Users/fernandomendes/github/refrilar/public/catalog/view/theme/theme649/template/module/tm_newsletter_popup.tpl on line 20
2016-07-04 14:17:52 - PHP Notice:  Undefined variable: html in /Users/fernandomendes/github/refrilar/public/catalog/view/theme/theme649/template/module/tm_newsletter_popup.tpl on line 20
2016-07-04 14:18:23 - PHP Notice:  Undefined variable: html in /Users/fernandomendes/github/refrilar/public/catalog/view/theme/theme649/template/module/tm_newsletter_popup.tpl on line 20
2016-07-04 14:18:24 - PHP Notice:  Undefined variable: html in /Users/fernandomendes/github/refrilar/public/catalog/view/theme/theme649/template/module/tm_newsletter_popup.tpl on line 20
2016-07-04 14:18:24 - PHP Notice:  Undefined variable: html in /Users/fernandomendes/github/refrilar/public/catalog/view/theme/theme649/template/module/tm_newsletter_popup.tpl on line 20
2016-07-04 14:18:25 - PHP Notice:  Undefined variable: html in /Users/fernandomendes/github/refrilar/public/catalog/view/theme/theme649/template/module/tm_newsletter_popup.tpl on line 20
2016-07-04 14:19:23 - PHP Notice:  Undefined variable: html in /Users/fernandomendes/github/refrilar/public/catalog/view/theme/theme649/template/module/tm_newsletter_popup.tpl on line 20
2016-07-04 14:19:23 - PHP Notice:  Undefined variable: html in /Users/fernandomendes/github/refrilar/public/catalog/view/theme/theme649/template/module/tm_newsletter_popup.tpl on line 20
2016-07-04 14:19:24 - PHP Notice:  Undefined variable: html in /Users/fernandomendes/github/refrilar/public/catalog/view/theme/theme649/template/module/tm_newsletter_popup.tpl on line 20
2016-07-04 14:19:25 - PHP Notice:  Undefined variable: html in /Users/fernandomendes/github/refrilar/public/catalog/view/theme/theme649/template/module/tm_newsletter_popup.tpl on line 20
2016-07-04 14:20:02 - PHP Notice:  Undefined variable: html in /Users/fernandomendes/github/refrilar/public/catalog/view/theme/theme649/template/module/tm_newsletter_popup.tpl on line 20
2016-07-04 14:20:02 - PHP Notice:  Undefined variable: html in /Users/fernandomendes/github/refrilar/public/catalog/view/theme/theme649/template/module/tm_newsletter_popup.tpl on line 20
2016-07-04 14:20:03 - PHP Notice:  Undefined variable: html in /Users/fernandomendes/github/refrilar/public/catalog/view/theme/theme649/template/module/tm_newsletter_popup.tpl on line 20
2016-07-04 14:20:03 - PHP Notice:  Undefined variable: html in /Users/fernandomendes/github/refrilar/public/catalog/view/theme/theme649/template/module/tm_newsletter_popup.tpl on line 20
2016-07-04 14:20:36 - PHP Notice:  Undefined variable: html in /Users/fernandomendes/github/refrilar/public/catalog/view/theme/theme649/template/module/tm_newsletter_popup.tpl on line 20
2016-07-04 14:20:37 - PHP Notice:  Undefined variable: html in /Users/fernandomendes/github/refrilar/public/catalog/view/theme/theme649/template/module/tm_newsletter_popup.tpl on line 20
2016-07-04 14:20:37 - PHP Notice:  Undefined variable: html in /Users/fernandomendes/github/refrilar/public/catalog/view/theme/theme649/template/module/tm_newsletter_popup.tpl on line 20
2016-07-04 14:20:38 - PHP Notice:  Undefined variable: html in /Users/fernandomendes/github/refrilar/public/catalog/view/theme/theme649/template/module/tm_newsletter_popup.tpl on line 20
2016-07-04 14:20:40 - PHP Notice:  Undefined variable: html in /Users/fernandomendes/github/refrilar/public/catalog/view/theme/theme649/template/module/tm_newsletter_popup.tpl on line 20
2016-07-04 14:20:47 - PHP Notice:  Undefined variable: html in /Users/fernandomendes/github/refrilar/public/catalog/view/theme/theme649/template/module/tm_newsletter_popup.tpl on line 20
2016-07-04 14:20:47 - PHP Notice:  Undefined variable: html in /Users/fernandomendes/github/refrilar/public/catalog/view/theme/theme649/template/module/tm_newsletter_popup.tpl on line 20
2016-07-04 14:20:48 - PHP Notice:  Undefined variable: html in /Users/fernandomendes/github/refrilar/public/catalog/view/theme/theme649/template/module/tm_newsletter_popup.tpl on line 20
2016-07-04 14:21:36 - PHP Notice:  Undefined variable: html in /Users/fernandomendes/github/refrilar/public/catalog/view/theme/theme649/template/module/tm_newsletter_popup.tpl on line 20
2016-07-04 14:21:36 - PHP Notice:  Undefined variable: html in /Users/fernandomendes/github/refrilar/public/catalog/view/theme/theme649/template/module/tm_newsletter_popup.tpl on line 20
2016-07-04 14:21:37 - PHP Notice:  Undefined variable: html in /Users/fernandomendes/github/refrilar/public/catalog/view/theme/theme649/template/module/tm_newsletter_popup.tpl on line 20
2016-07-04 14:21:37 - PHP Notice:  Undefined variable: html in /Users/fernandomendes/github/refrilar/public/catalog/view/theme/theme649/template/module/tm_newsletter_popup.tpl on line 20
2016-07-04 14:22:35 - PHP Notice:  Undefined variable: html in /Users/fernandomendes/github/refrilar/public/catalog/view/theme/theme649/template/module/tm_newsletter_popup.tpl on line 20
2016-07-04 14:22:36 - PHP Notice:  Undefined variable: html in /Users/fernandomendes/github/refrilar/public/catalog/view/theme/theme649/template/module/tm_newsletter_popup.tpl on line 20
2016-07-04 14:22:36 - PHP Notice:  Undefined variable: html in /Users/fernandomendes/github/refrilar/public/catalog/view/theme/theme649/template/module/tm_newsletter_popup.tpl on line 20
2016-07-04 14:22:37 - PHP Notice:  Undefined variable: html in /Users/fernandomendes/github/refrilar/public/catalog/view/theme/theme649/template/module/tm_newsletter_popup.tpl on line 20
2016-07-04 14:22:38 - PHP Notice:  Undefined variable: html in /Users/fernandomendes/github/refrilar/public/catalog/view/theme/theme649/template/module/tm_newsletter_popup.tpl on line 20
2016-07-04 14:23:10 - PHP Notice:  Undefined variable: html in /Users/fernandomendes/github/refrilar/public/catalog/view/theme/theme649/template/module/tm_newsletter_popup.tpl on line 20
2016-07-04 14:23:11 - PHP Notice:  Undefined variable: html in /Users/fernandomendes/github/refrilar/public/catalog/view/theme/theme649/template/module/tm_newsletter_popup.tpl on line 20
2016-07-04 14:23:11 - PHP Notice:  Undefined variable: html in /Users/fernandomendes/github/refrilar/public/catalog/view/theme/theme649/template/module/tm_newsletter_popup.tpl on line 20
2016-07-04 14:23:12 - PHP Notice:  Undefined variable: html in /Users/fernandomendes/github/refrilar/public/catalog/view/theme/theme649/template/module/tm_newsletter_popup.tpl on line 20
2016-07-04 14:24:04 - PHP Notice:  Undefined variable: html in /Users/fernandomendes/github/refrilar/public/catalog/view/theme/theme649/template/module/tm_newsletter_popup.tpl on line 20
2016-07-04 14:24:04 - PHP Notice:  Undefined variable: html in /Users/fernandomendes/github/refrilar/public/catalog/view/theme/theme649/template/module/tm_newsletter_popup.tpl on line 20
2016-07-04 14:24:05 - PHP Notice:  Undefined variable: html in /Users/fernandomendes/github/refrilar/public/catalog/view/theme/theme649/template/module/tm_newsletter_popup.tpl on line 20
2016-07-04 14:24:44 - PHP Notice:  Undefined variable: html in /Users/fernandomendes/github/refrilar/public/catalog/view/theme/theme649/template/module/tm_newsletter_popup.tpl on line 20
2016-07-04 14:24:45 - PHP Notice:  Undefined variable: html in /Users/fernandomendes/github/refrilar/public/catalog/view/theme/theme649/template/module/tm_newsletter_popup.tpl on line 20
2016-07-04 14:24:46 - PHP Notice:  Undefined variable: html in /Users/fernandomendes/github/refrilar/public/catalog/view/theme/theme649/template/module/tm_newsletter_popup.tpl on line 20
2016-07-04 14:24:55 - PHP Notice:  Undefined variable: html in /Users/fernandomendes/github/refrilar/public/catalog/view/theme/theme649/template/module/tm_newsletter_popup.tpl on line 20
2016-07-04 14:24:55 - PHP Notice:  Undefined variable: html in /Users/fernandomendes/github/refrilar/public/catalog/view/theme/theme649/template/module/tm_newsletter_popup.tpl on line 20
2016-07-04 14:24:56 - PHP Notice:  Undefined variable: html in /Users/fernandomendes/github/refrilar/public/catalog/view/theme/theme649/template/module/tm_newsletter_popup.tpl on line 20
2016-07-04 14:24:56 - PHP Notice:  Undefined variable: html in /Users/fernandomendes/github/refrilar/public/catalog/view/theme/theme649/template/module/tm_newsletter_popup.tpl on line 20
2016-07-04 14:24:56 - PHP Notice:  Undefined variable: html in /Users/fernandomendes/github/refrilar/public/catalog/view/theme/theme649/template/module/tm_newsletter_popup.tpl on line 20
2016-07-04 14:24:57 - PHP Notice:  Undefined variable: html in /Users/fernandomendes/github/refrilar/public/catalog/view/theme/theme649/template/module/tm_newsletter_popup.tpl on line 20
2016-07-04 14:26:24 - PHP Notice:  Undefined variable: html in /Users/fernandomendes/github/refrilar/public/catalog/view/theme/theme649/template/module/tm_newsletter_popup.tpl on line 20
2016-07-04 14:26:24 - PHP Notice:  Undefined variable: html in /Users/fernandomendes/github/refrilar/public/catalog/view/theme/theme649/template/module/tm_newsletter_popup.tpl on line 20
2016-07-04 14:26:24 - PHP Notice:  Undefined variable: html in /Users/fernandomendes/github/refrilar/public/catalog/view/theme/theme649/template/module/tm_newsletter_popup.tpl on line 20
2016-07-04 14:26:25 - PHP Notice:  Undefined variable: html in /Users/fernandomendes/github/refrilar/public/catalog/view/theme/theme649/template/module/tm_newsletter_popup.tpl on line 20
2016-07-04 14:27:11 - PHP Notice:  Undefined variable: html in /Users/fernandomendes/github/refrilar/public/catalog/view/theme/theme649/template/module/tm_newsletter_popup.tpl on line 20
2016-07-04 14:27:11 - PHP Notice:  Undefined variable: html in /Users/fernandomendes/github/refrilar/public/catalog/view/theme/theme649/template/module/tm_newsletter_popup.tpl on line 20
2016-07-04 14:27:12 - PHP Notice:  Undefined variable: html in /Users/fernandomendes/github/refrilar/public/catalog/view/theme/theme649/template/module/tm_newsletter_popup.tpl on line 20
2016-07-04 14:27:13 - PHP Notice:  Undefined variable: html in /Users/fernandomendes/github/refrilar/public/catalog/view/theme/theme649/template/module/tm_newsletter_popup.tpl on line 20
2016-07-04 14:27:14 - PHP Notice:  Undefined variable: html in /Users/fernandomendes/github/refrilar/public/catalog/view/theme/theme649/template/module/tm_newsletter_popup.tpl on line 20
2016-07-04 14:28:50 - PHP Notice:  Undefined variable: html in /Users/fernandomendes/github/refrilar/public/catalog/view/theme/theme649/template/module/tm_newsletter_popup.tpl on line 20
2016-07-04 14:28:50 - PHP Notice:  Undefined variable: html in /Users/fernandomendes/github/refrilar/public/catalog/view/theme/theme649/template/module/tm_newsletter_popup.tpl on line 20
2016-07-04 14:28:50 - PHP Notice:  Undefined variable: html in /Users/fernandomendes/github/refrilar/public/catalog/view/theme/theme649/template/module/tm_newsletter_popup.tpl on line 20
2016-07-04 14:28:51 - PHP Notice:  Undefined variable: html in /Users/fernandomendes/github/refrilar/public/catalog/view/theme/theme649/template/module/tm_newsletter_popup.tpl on line 20
2016-07-04 14:28:52 - PHP Notice:  Undefined variable: html in /Users/fernandomendes/github/refrilar/public/catalog/view/theme/theme649/template/module/tm_newsletter_popup.tpl on line 20
2016-07-04 14:28:52 - PHP Notice:  Undefined variable: html in /Users/fernandomendes/github/refrilar/public/catalog/view/theme/theme649/template/module/tm_newsletter_popup.tpl on line 20
2016-07-04 14:29:29 - PHP Notice:  Undefined variable: html in /Users/fernandomendes/github/refrilar/public/catalog/view/theme/theme649/template/module/tm_newsletter_popup.tpl on line 20
2016-07-04 14:29:30 - PHP Notice:  Undefined variable: html in /Users/fernandomendes/github/refrilar/public/catalog/view/theme/theme649/template/module/tm_newsletter_popup.tpl on line 20
2016-07-04 14:29:30 - PHP Notice:  Undefined variable: html in /Users/fernandomendes/github/refrilar/public/catalog/view/theme/theme649/template/module/tm_newsletter_popup.tpl on line 20
2016-07-04 14:29:31 - PHP Notice:  Undefined variable: html in /Users/fernandomendes/github/refrilar/public/catalog/view/theme/theme649/template/module/tm_newsletter_popup.tpl on line 20
2016-07-04 14:31:11 - PHP Notice:  Undefined variable: html in /Users/fernandomendes/github/refrilar/public/catalog/view/theme/theme649/template/module/tm_newsletter_popup.tpl on line 20
2016-07-04 14:31:11 - PHP Notice:  Undefined variable: html in /Users/fernandomendes/github/refrilar/public/catalog/view/theme/theme649/template/module/tm_newsletter_popup.tpl on line 20
2016-07-04 14:31:12 - PHP Notice:  Undefined variable: html in /Users/fernandomendes/github/refrilar/public/catalog/view/theme/theme649/template/module/tm_newsletter_popup.tpl on line 20
2016-07-04 14:31:13 - PHP Notice:  Undefined variable: html in /Users/fernandomendes/github/refrilar/public/catalog/view/theme/theme649/template/module/tm_newsletter_popup.tpl on line 20
2016-07-04 14:31:51 - PHP Notice:  Undefined variable: html in /Users/fernandomendes/github/refrilar/public/catalog/view/theme/theme649/template/module/tm_newsletter_popup.tpl on line 20
2016-07-04 14:31:52 - PHP Notice:  Undefined variable: html in /Users/fernandomendes/github/refrilar/public/catalog/view/theme/theme649/template/module/tm_newsletter_popup.tpl on line 20
2016-07-04 14:31:52 - PHP Notice:  Undefined variable: html in /Users/fernandomendes/github/refrilar/public/catalog/view/theme/theme649/template/module/tm_newsletter_popup.tpl on line 20
2016-07-04 14:31:53 - PHP Notice:  Undefined variable: html in /Users/fernandomendes/github/refrilar/public/catalog/view/theme/theme649/template/module/tm_newsletter_popup.tpl on line 20
2016-07-04 14:33:13 - PHP Notice:  Undefined variable: html in /Users/fernandomendes/github/refrilar/public/catalog/view/theme/theme649/template/module/tm_newsletter_popup.tpl on line 20
2016-07-04 14:33:14 - PHP Notice:  Undefined variable: html in /Users/fernandomendes/github/refrilar/public/catalog/view/theme/theme649/template/module/tm_newsletter_popup.tpl on line 20
2016-07-04 14:33:14 - PHP Notice:  Undefined variable: html in /Users/fernandomendes/github/refrilar/public/catalog/view/theme/theme649/template/module/tm_newsletter_popup.tpl on line 20
2016-07-04 14:33:16 - PHP Notice:  Undefined variable: html in /Users/fernandomendes/github/refrilar/public/catalog/view/theme/theme649/template/module/tm_newsletter_popup.tpl on line 20
2016-07-04 14:36:49 - PHP Notice:  Undefined variable: html in /Users/fernandomendes/github/refrilar/public/catalog/view/theme/theme649/template/module/tm_newsletter_popup.tpl on line 20
2016-07-04 14:36:49 - PHP Notice:  Undefined variable: html in /Users/fernandomendes/github/refrilar/public/catalog/view/theme/theme649/template/module/tm_newsletter_popup.tpl on line 20
2016-07-04 14:36:50 - PHP Notice:  Undefined variable: html in /Users/fernandomendes/github/refrilar/public/catalog/view/theme/theme649/template/module/tm_newsletter_popup.tpl on line 20
2016-07-04 14:36:51 - PHP Notice:  Undefined variable: html in /Users/fernandomendes/github/refrilar/public/catalog/view/theme/theme649/template/module/tm_newsletter_popup.tpl on line 20
2016-07-04 14:37:26 - PHP Notice:  Undefined variable: html in /Users/fernandomendes/github/refrilar/public/catalog/view/theme/theme649/template/module/tm_newsletter_popup.tpl on line 20
2016-07-04 14:37:26 - PHP Notice:  Undefined variable: html in /Users/fernandomendes/github/refrilar/public/catalog/view/theme/theme649/template/module/tm_newsletter_popup.tpl on line 20
2016-07-04 14:37:27 - PHP Notice:  Undefined variable: html in /Users/fernandomendes/github/refrilar/public/catalog/view/theme/theme649/template/module/tm_newsletter_popup.tpl on line 20
2016-07-04 14:37:42 - PHP Notice:  Undefined variable: html in /Users/fernandomendes/github/refrilar/public/catalog/view/theme/theme649/template/module/tm_newsletter_popup.tpl on line 20
2016-07-04 14:37:42 - PHP Notice:  Undefined variable: html in /Users/fernandomendes/github/refrilar/public/catalog/view/theme/theme649/template/module/tm_newsletter_popup.tpl on line 20
2016-07-04 14:37:43 - PHP Notice:  Undefined variable: html in /Users/fernandomendes/github/refrilar/public/catalog/view/theme/theme649/template/module/tm_newsletter_popup.tpl on line 20
2016-07-04 14:37:44 - PHP Notice:  Undefined variable: html in /Users/fernandomendes/github/refrilar/public/catalog/view/theme/theme649/template/module/tm_newsletter_popup.tpl on line 20
2016-07-04 14:38:56 - PHP Notice:  Undefined variable: html in /Users/fernandomendes/github/refrilar/public/catalog/view/theme/theme649/template/module/tm_newsletter_popup.tpl on line 20
2016-07-04 14:38:57 - PHP Notice:  Undefined variable: html in /Users/fernandomendes/github/refrilar/public/catalog/view/theme/theme649/template/module/tm_newsletter_popup.tpl on line 20
2016-07-04 14:38:57 - PHP Notice:  Undefined variable: html in /Users/fernandomendes/github/refrilar/public/catalog/view/theme/theme649/template/module/tm_newsletter_popup.tpl on line 20
2016-07-04 14:38:58 - PHP Notice:  Undefined variable: html in /Users/fernandomendes/github/refrilar/public/catalog/view/theme/theme649/template/module/tm_newsletter_popup.tpl on line 20
2016-07-04 14:38:59 - PHP Notice:  Undefined variable: html in /Users/fernandomendes/github/refrilar/public/catalog/view/theme/theme649/template/module/tm_newsletter_popup.tpl on line 20
2016-07-04 14:41:11 - PHP Notice:  Undefined variable: html in /Users/fernandomendes/github/refrilar/public/catalog/view/theme/theme649/template/module/tm_newsletter_popup.tpl on line 20
2016-07-04 14:41:12 - PHP Notice:  Undefined variable: html in /Users/fernandomendes/github/refrilar/public/catalog/view/theme/theme649/template/module/tm_newsletter_popup.tpl on line 20
2016-07-04 14:41:12 - PHP Notice:  Undefined variable: html in /Users/fernandomendes/github/refrilar/public/catalog/view/theme/theme649/template/module/tm_newsletter_popup.tpl on line 20
2016-07-04 14:41:14 - PHP Notice:  Undefined variable: html in /Users/fernandomendes/github/refrilar/public/catalog/view/theme/theme649/template/module/tm_newsletter_popup.tpl on line 20
2016-07-04 14:41:14 - PHP Notice:  Undefined variable: html in /Users/fernandomendes/github/refrilar/public/catalog/view/theme/theme649/template/module/tm_newsletter_popup.tpl on line 20
2016-07-04 14:42:08 - PHP Notice:  Undefined variable: html in /Users/fernandomendes/github/refrilar/public/catalog/view/theme/theme649/template/module/tm_newsletter_popup.tpl on line 20
2016-07-04 14:43:05 - PHP Notice:  Undefined variable: html in /Users/fernandomendes/github/refrilar/public/catalog/view/theme/theme649/template/module/tm_newsletter_popup.tpl on line 20
2016-07-04 14:43:39 - PHP Notice:  Undefined variable: html in /Users/fernandomendes/github/refrilar/public/catalog/view/theme/theme649/template/module/tm_newsletter_popup.tpl on line 20
2016-07-04 14:43:55 - PHP Notice:  Undefined variable: html in /Users/fernandomendes/github/refrilar/public/catalog/view/theme/theme649/template/module/tm_newsletter_popup.tpl on line 20
2016-07-04 14:43:57 - PHP Notice:  Undefined variable: html in /Users/fernandomendes/github/refrilar/public/catalog/view/theme/theme649/template/module/tm_newsletter_popup.tpl on line 20
2016-07-04 14:44:02 - PHP Notice:  Undefined variable: html in /Users/fernandomendes/github/refrilar/public/catalog/view/theme/theme649/template/module/tm_newsletter_popup.tpl on line 20
2016-07-04 14:44:03 - PHP Notice:  Undefined variable: html in /Users/fernandomendes/github/refrilar/public/catalog/view/theme/theme649/template/module/tm_newsletter_popup.tpl on line 20
2016-07-04 14:44:41 - PHP Notice:  Undefined variable: html in /Users/fernandomendes/github/refrilar/public/catalog/view/theme/theme649/template/module/tm_newsletter_popup.tpl on line 20
2016-07-04 14:44:43 - PHP Notice:  Undefined variable: html in /Users/fernandomendes/github/refrilar/public/catalog/view/theme/theme649/template/module/tm_newsletter_popup.tpl on line 20
2016-07-04 14:44:43 - PHP Notice:  Undefined variable: html in /Users/fernandomendes/github/refrilar/public/catalog/view/theme/theme649/template/module/tm_newsletter_popup.tpl on line 20
2016-07-04 14:45:39 - PHP Notice:  Undefined variable: html in /Users/fernandomendes/github/refrilar/public/catalog/view/theme/theme649/template/module/tm_newsletter_popup.tpl on line 20
2016-07-04 14:45:39 - PHP Notice:  Undefined variable: html in /Users/fernandomendes/github/refrilar/public/catalog/view/theme/theme649/template/module/tm_newsletter_popup.tpl on line 20
2016-07-04 14:45:40 - PHP Notice:  Undefined variable: html in /Users/fernandomendes/github/refrilar/public/catalog/view/theme/theme649/template/module/tm_newsletter_popup.tpl on line 20
2016-07-04 14:45:41 - PHP Notice:  Undefined variable: html in /Users/fernandomendes/github/refrilar/public/catalog/view/theme/theme649/template/module/tm_newsletter_popup.tpl on line 20
2016-07-04 14:45:58 - PHP Notice:  Undefined variable: html in /Users/fernandomendes/github/refrilar/public/catalog/view/theme/theme649/template/module/tm_newsletter_popup.tpl on line 20
2016-07-04 14:47:12 - PHP Notice:  Undefined variable: html in /Users/fernandomendes/github/refrilar/public/catalog/view/theme/theme649/template/module/tm_newsletter_popup.tpl on line 20
2016-07-04 14:47:31 - PHP Notice:  Undefined variable: html in /Users/fernandomendes/github/refrilar/public/catalog/view/theme/theme649/template/module/tm_newsletter_popup.tpl on line 20
2016-07-04 14:47:32 - PHP Notice:  Undefined variable: html in /Users/fernandomendes/github/refrilar/public/catalog/view/theme/theme649/template/module/tm_newsletter_popup.tpl on line 20
2016-07-04 14:47:33 - PHP Notice:  Undefined variable: html in /Users/fernandomendes/github/refrilar/public/catalog/view/theme/theme649/template/module/tm_newsletter_popup.tpl on line 20
2016-07-04 14:47:44 - PHP Notice:  Undefined variable: html in /Users/fernandomendes/github/refrilar/public/catalog/view/theme/theme649/template/module/tm_newsletter_popup.tpl on line 20
2016-07-04 14:47:50 - PHP Notice:  Undefined variable: html in /Users/fernandomendes/github/refrilar/public/catalog/view/theme/theme649/template/module/tm_newsletter_popup.tpl on line 20
2016-07-04 14:47:51 - PHP Notice:  Undefined variable: html in /Users/fernandomendes/github/refrilar/public/catalog/view/theme/theme649/template/module/tm_newsletter_popup.tpl on line 20
2016-07-04 14:48:51 - PHP Notice:  Undefined variable: html in /Users/fernandomendes/github/refrilar/public/catalog/view/theme/theme649/template/module/tm_newsletter_popup.tpl on line 20
2016-07-04 14:48:52 - PHP Notice:  Undefined variable: html in /Users/fernandomendes/github/refrilar/public/catalog/view/theme/theme649/template/module/tm_newsletter_popup.tpl on line 20
2016-07-04 14:48:52 - PHP Notice:  Undefined variable: html in /Users/fernandomendes/github/refrilar/public/catalog/view/theme/theme649/template/module/tm_newsletter_popup.tpl on line 20
2016-07-04 14:48:53 - PHP Notice:  Undefined variable: html in /Users/fernandomendes/github/refrilar/public/catalog/view/theme/theme649/template/module/tm_newsletter_popup.tpl on line 20
2016-07-04 14:49:42 - PHP Notice:  Undefined variable: html in /Users/fernandomendes/github/refrilar/public/catalog/view/theme/theme649/template/module/tm_newsletter_popup.tpl on line 20
2016-07-04 14:49:43 - PHP Notice:  Undefined variable: html in /Users/fernandomendes/github/refrilar/public/catalog/view/theme/theme649/template/module/tm_newsletter_popup.tpl on line 20
2016-07-04 14:49:43 - PHP Notice:  Undefined variable: html in /Users/fernandomendes/github/refrilar/public/catalog/view/theme/theme649/template/module/tm_newsletter_popup.tpl on line 20
2016-07-04 14:49:44 - PHP Notice:  Undefined variable: html in /Users/fernandomendes/github/refrilar/public/catalog/view/theme/theme649/template/module/tm_newsletter_popup.tpl on line 20
2016-07-04 14:49:45 - PHP Notice:  Undefined variable: html in /Users/fernandomendes/github/refrilar/public/catalog/view/theme/theme649/template/module/tm_newsletter_popup.tpl on line 20
2016-07-04 14:50:13 - PHP Notice:  Undefined variable: html in /Users/fernandomendes/github/refrilar/public/catalog/view/theme/theme649/template/module/tm_newsletter_popup.tpl on line 20
2016-07-04 14:51:15 - PHP Notice:  Undefined variable: html in /Users/fernandomendes/github/refrilar/public/catalog/view/theme/theme649/template/module/tm_newsletter_popup.tpl on line 20
2016-07-04 14:52:15 - PHP Notice:  Undefined variable: html in /Users/fernandomendes/github/refrilar/public/catalog/view/theme/theme649/template/module/tm_newsletter_popup.tpl on line 20
